0 info it worked if it ends with ok
1 verbose cli [ 'C:\\Program Files\\nodejs\\node.exe',
1 verbose cli   'C:\\Program Files\\nodejs\\node_modules\\npm\\bin\\npm-cli.js',
1 verbose cli   'start' ]
2 info using npm@3.10.10
3 info using node@v6.11.1
4 verbose run-script [ 'prestart', 'start', 'poststart' ]
5 info lifecycle durelia-build@1.0.0~prestart: durelia-build@1.0.0
6 verbose lifecycle durelia-build@1.0.0~prestart: unsafe-perm in lifecycle true
7 verbose lifecycle durelia-build@1.0.0~prestart: PATH: C:\Program Files\nodejs\node_modules\npm\bin\node-gyp-bin;C:\_Git\Durelia\node_modules\.bin;C:\windows\system32;C:\windows;C:\windows\System32\Wbem;C:\windows\System32\WindowsPowerShell\v1.0\;C:\Users\Jorn\.dnx\bin;C:\Program Files\Microsoft DNX\Dnvm\;C:\Program Files\Microsoft SQL Server\120\Tools\Binn\;C:\ProgramData\chocolatey\bin;C:\Program Files\Microsoft\Web Platform Installer\;C:\Program Files (x86)\Microsoft SQL Server\120\DTS\Binn\;C:\Program Files\Microsoft SQL Server\130\Tools\Binn\;C:\Program Files (x86)\Microsoft SQL Server\110\DTS\Binn\;C:\Program Files (x86)\Microsoft SQL Server\130\DTS\Binn\;C:\Program Files (x86)\Microsoft SQL Server\Client SDK\ODBC\130\Tools\Binn\;C:\Program Files (x86)\Microsoft SQL Server\130\Tools\Binn\;C:\Program Files (x86)\Microsoft SQL Server\130\Tools\Binn\ManagementStudio\;C:\WINDOWS\system32;C:\WINDOWS;C:\WINDOWS\System32\Wbem;C:\WINDOWS\System32\WindowsPowerShell\v1.0\;C:\Program Files\Microsoft Service Fabric\bin\Fabric\Fabric.Code;C:\Program Files\Microsoft SDKs\Service Fabric\Tools\ServiceFabricLocalClusterManager;C:\Program Files\Git\cmd;C:\Program Files\Git\mingw64\bin;C:\Program Files\Git\usr\bin;C:\Program Files (x86)\Skype\Phone\;C:\Program Files\dotnet\;C:\Program Files (x86)\Git\cmd;C:\Program Files (x86)\Git\mingw32\bin;C:\Program Files (x86)\Git\usr\bin;C:\Program Files (x86)\GitExtensions\;C:\Program Files\nodejs\;C:\Program Files (x86)\Microsoft VS Code\bin;C:\Users\Jorn\AppData\Local\Microsoft\WindowsApps;C:\Users\Jorn\AppData\Local\Programs\Python\Python35;C:\Users\Jorn\AppData\Local\Programs\Python\Python35\Scripts;C:\Users\Jorn\AppData\Roaming\Python\Python35\Scripts;C:\Users\Jorn\AppData\Local\Programs\Fiddler;C:\Users\Jorn\AppData\Roaming\npm
8 verbose lifecycle durelia-build@1.0.0~prestart: CWD: C:\_Git\Durelia
9 silly lifecycle durelia-build@1.0.0~prestart: Args: [ '/d /s /c', 'node prestart' ]
10 silly lifecycle durelia-build@1.0.0~prestart: Returned: code: 0  signal: null
11 info lifecycle durelia-build@1.0.0~start: durelia-build@1.0.0
12 verbose lifecycle durelia-build@1.0.0~start: unsafe-perm in lifecycle true
13 verbose lifecycle durelia-build@1.0.0~start: PATH: C:\Program Files\nodejs\node_modules\npm\bin\node-gyp-bin;C:\_Git\Durelia\node_modules\.bin;C:\windows\system32;C:\windows;C:\windows\System32\Wbem;C:\windows\System32\WindowsPowerShell\v1.0\;C:\Users\Jorn\.dnx\bin;C:\Program Files\Microsoft DNX\Dnvm\;C:\Program Files\Microsoft SQL Server\120\Tools\Binn\;C:\ProgramData\chocolatey\bin;C:\Program Files\Microsoft\Web Platform Installer\;C:\Program Files (x86)\Microsoft SQL Server\120\DTS\Binn\;C:\Program Files\Microsoft SQL Server\130\Tools\Binn\;C:\Program Files (x86)\Microsoft SQL Server\110\DTS\Binn\;C:\Program Files (x86)\Microsoft SQL Server\130\DTS\Binn\;C:\Program Files (x86)\Microsoft SQL Server\Client SDK\ODBC\130\Tools\Binn\;C:\Program Files (x86)\Microsoft SQL Server\130\Tools\Binn\;C:\Program Files (x86)\Microsoft SQL Server\130\Tools\Binn\ManagementStudio\;C:\WINDOWS\system32;C:\WINDOWS;C:\WINDOWS\System32\Wbem;C:\WINDOWS\System32\WindowsPowerShell\v1.0\;C:\Program Files\Microsoft Service Fabric\bin\Fabric\Fabric.Code;C:\Program Files\Microsoft SDKs\Service Fabric\Tools\ServiceFabricLocalClusterManager;C:\Program Files\Git\cmd;C:\Program Files\Git\mingw64\bin;C:\Program Files\Git\usr\bin;C:\Program Files (x86)\Skype\Phone\;C:\Program Files\dotnet\;C:\Program Files (x86)\Git\cmd;C:\Program Files (x86)\Git\mingw32\bin;C:\Program Files (x86)\Git\usr\bin;C:\Program Files (x86)\GitExtensions\;C:\Program Files\nodejs\;C:\Program Files (x86)\Microsoft VS Code\bin;C:\Users\Jorn\AppData\Local\Microsoft\WindowsApps;C:\Users\Jorn\AppData\Local\Programs\Python\Python35;C:\Users\Jorn\AppData\Local\Programs\Python\Python35\Scripts;C:\Users\Jorn\AppData\Roaming\Python\Python35\Scripts;C:\Users\Jorn\AppData\Local\Programs\Fiddler;C:\Users\Jorn\AppData\Roaming\npm
14 verbose lifecycle durelia-build@1.0.0~start: CWD: C:\_Git\Durelia
15 silly lifecycle durelia-build@1.0.0~start: Args: [ '/d /s /c', 'node server' ]
16 silly lifecycle durelia-build@1.0.0~start: Returned: code: 1  signal: null
17 info lifecycle durelia-build@1.0.0~start: Failed to exec start script
18 verbose stack Error: durelia-build@1.0.0 start: `node server`
18 verbose stack Exit status 1
18 verbose stack     at EventEmitter.<anonymous> (C:\Program Files\nodejs\node_modules\npm\lib\utils\lifecycle.js:255:16)
18 verbose stack     at emitTwo (events.js:106:13)
18 verbose stack     at EventEmitter.emit (events.js:191:7)
18 verbose stack     at ChildProcess.<anonymous> (C:\Program Files\nodejs\node_modules\npm\lib\utils\spawn.js:40:14)
18 verbose stack     at emitTwo (events.js:106:13)
18 verbose stack     at ChildProcess.emit (events.js:191:7)
18 verbose stack     at maybeClose (internal/child_process.js:891:16)
18 verbose stack     at Process.ChildProcess._handle.onexit (internal/child_process.js:226:5)
19 verbose pkgid durelia-build@1.0.0
20 verbose cwd C:\_Git\Durelia
21 error Windows_NT 10.0.15063
22 error argv "C:\\Program Files\\nodejs\\node.exe" "C:\\Program Files\\nodejs\\node_modules\\npm\\bin\\npm-cli.js" "start"
23 error node v6.11.1
24 error npm  v3.10.10
25 error code ELIFECYCLE
26 error durelia-build@1.0.0 start: `node server`
26 error Exit status 1
27 error Failed at the durelia-build@1.0.0 start script 'node server'.
27 error Make sure you have the latest version of node.js and npm installed.
27 error If you do, this is most likely a problem with the durelia-build package,
27 error not with npm itself.
27 error Tell the author that this fails on your system:
27 error     node server
27 error You can get information on how to open an issue for this project with:
27 error     npm bugs durelia-build
27 error Or if that isn't available, you can get their info via:
27 error     npm owner ls durelia-build
27 error There is likely additional logging output above.
28 verbose exit [ 1, true ]
